<?xml version="1.0" encoding="UTF-8"?>
<testng-results ignored="0" total="1" passed="1" failed="0" skipped="0">
  <reporter-output>
  </reporter-output>
  <suite started-at="2020-06-02T09:05:08Z" name="Default suite" finished-at="2020-06-02T09:07:18Z" duration-ms="129746">
    <groups>
      <group name="cucumber">
        <method signature="AbstractTestNGCucumberTests.feature(cucumber.api.testng.CucumberFeatureWrapper)[pri:0, instance:com.ether.runner.CucumberTestRunner@f6efaab]" name="feature" class="cucumber.api.testng.AbstractTestNGCucumberTests"/>
      </group> <!-- cucumber -->
    </groups>
    <test started-at="2020-06-02T09:05:08Z" name="Default test" finished-at="2020-06-02T09:07:18Z" duration-ms="129746">
      <class name="com.ether.runner.CucumberTestRunner">
        <test-method is-config="true" signature="setUpClass()[pri:0, instance:com.ether.runner.CucumberTestRunner@f6efaab]" started-at="2020-06-02T09:05:08Z" name="setUpClass" finished-at="2020-06-02T09:05:09Z" duration-ms="174" status="PASS">
          <reporter-output>
          </reporter-output>
        </test-method> <!-- setUpClass -->
        <test-method is-config="true" signature="setup()[pri:0, instance:com.ether.runner.CucumberTestRunner@f6efaab]" started-at="2020-06-02T09:05:09Z" name="setup" finished-at="2020-06-02T09:05:09Z" duration-ms="186" status="PASS">
          <reporter-output>
          </reporter-output>
        </test-method> <!-- setup -->
        <test-method signature="feature(cucumber.api.testng.CucumberFeatureWrapper)[pri:0, instance:com.ether.runner.CucumberTestRunner@f6efaab]" started-at="2020-06-02T09:05:09Z" name="feature" description="Runs Cucumber Feature" data-provider="features" finished-at="2020-06-02T09:07:18Z" duration-ms="129224" status="PASS">
          <params>
            <param index="0">
              <value>
                <![CDATA[Test to Add Recipient(Benificiary)]]>
              </value>
            </param>
          </params>
          <reporter-output>
          </reporter-output>
        </test-method> <!-- feature -->
        <test-method is-config="true" signature="tearDownClass()[pri:0, instance:com.ether.runner.CucumberTestRunner@f6efaab]" started-at="2020-06-02T09:07:18Z" name="tearDownClass" finished-at="2020-06-02T09:07:18Z" duration-ms="79" status="PASS">
          <reporter-output>
          </reporter-output>
        </test-method> <!-- tearDownClass -->
      </class> <!-- com.ether.runner.CucumberTestRunner -->
    </test> <!-- Default test -->
  </suite> <!-- Default suite -->
</testng-results>
