<?xml version="1.0" encoding="UTF-8"?>
<testng-results skipped="0" failed="0" ignored="0" total="2" passed="2">
  <reporter-output>
  </reporter-output>
  <suite name="Default suite" duration-ms="62888" started-at="2020-06-02T20:17:54Z" finished-at="2020-06-02T20:18:57Z">
    <groups>
      <group name="cucumber">
        <method signature="AbstractTestNGCucumberTests.feature(cucumber.api.testng.CucumberFeatureWrapper)[pri:0, instance:com.ether.runner.CucumberTestRunner@149494d8]" name="feature" class="cucumber.api.testng.AbstractTestNGCucumberTests"/>
      </group> <!-- cucumber -->
    </groups>
    <test name="Default test" duration-ms="62888" started-at="2020-06-02T20:17:54Z" finished-at="2020-06-02T20:18:57Z">
      <class name="com.ether.runner.CucumberTestRunner">
        <test-method status="PASS" signature="setUpClass()[pri:0, instance:com.ether.runner.CucumberTestRunner@149494d8]" name="setUpClass" is-config="true" duration-ms="169" started-at="2020-06-02T20:17:54Z" finished-at="2020-06-02T20:17:55Z">
          <reporter-output>
          </reporter-output>
        </test-method> <!-- setUpClass -->
        <test-method status="PASS" signature="setup()[pri:0, instance:com.ether.runner.CucumberTestRunner@149494d8]" name="setup" is-config="true" duration-ms="128" started-at="2020-06-02T20:17:55Z" finished-at="2020-06-02T20:17:55Z">
          <reporter-output>
          </reporter-output>
        </test-method> <!-- setup -->
        <test-method status="PASS" signature="feature(cucumber.api.testng.CucumberFeatureWrapper)[pri:0, instance:com.ether.runner.CucumberTestRunner@149494d8]" name="feature" duration-ms="51728" started-at="2020-06-02T20:17:55Z" description="Runs Cucumber Feature" data-provider="features" finished-at="2020-06-02T20:18:46Z">
          <params>
            <param index="0">
              <value>
                <![CDATA[Test to Add Recipient(Benificiary)]]>
              </value>
            </param>
          </params>
          <reporter-output>
          </reporter-output>
        </test-method> <!-- feature -->
        <test-method status="PASS" signature="feature(cucumber.api.testng.CucumberFeatureWrapper)[pri:0, instance:com.ether.runner.CucumberTestRunner@149494d8]" name="feature" duration-ms="10750" started-at="2020-06-02T20:18:46Z" description="Runs Cucumber Feature" data-provider="features" finished-at="2020-06-02T20:18:57Z">
          <params>
            <param index="0">
              <value>
                <![CDATA[Login to bank URL]]>
              </value>
            </param>
          </params>
          <reporter-output>
          </reporter-output>
        </test-method> <!-- feature -->
        <test-method status="PASS" signature="tearDownClass()[pri:0, instance:com.ether.runner.CucumberTestRunner@149494d8]" name="tearDownClass" is-config="true" duration-ms="41" started-at="2020-06-02T20:18:57Z" finished-at="2020-06-02T20:18:57Z">
          <reporter-output>
          </reporter-output>
        </test-method> <!-- tearDownClass -->
      </class> <!-- com.ether.runner.CucumberTestRunner -->
    </test> <!-- Default test -->
  </suite> <!-- Default suite -->
</testng-results>
